\BOOKMARK [0][-]{chapter.1}{Characteristics of a sensor}{}% 1
\BOOKMARK [1][-]{section.1.1}{Mobile Communication Devices}{chapter.1}% 2
\BOOKMARK [1][-]{section.1.2}{Full-Scale Input/Output}{chapter.1}% 3
\BOOKMARK [1][-]{section.1.3}{Accuracy}{chapter.1}% 4
\BOOKMARK [1][-]{section.1.4}{Possible types of error}{chapter.1}% 5
\BOOKMARK [1][-]{section.1.5}{Resolution}{chapter.1}% 6
\BOOKMARK [1][-]{section.1.6}{Special output characteristics}{chapter.1}% 7
\BOOKMARK [1][-]{section.1.7}{Environmental factors}{chapter.1}% 8
\BOOKMARK [1][-]{section.1.8}{Reliability}{chapter.1}% 9
\BOOKMARK [1][-]{section.1.9}{Application characteristics}{chapter.1}% 10
\BOOKMARK [1][-]{section.1.10}{Uncertainty}{chapter.1}% 11
\BOOKMARK [0][-]{chapter.2}{Introduction}{}% 12
\BOOKMARK [1][-]{section.2.1}{Characteristics of a flow sensor}{chapter.2}% 13
\BOOKMARK [1][-]{section.2.2}{Several examples of flow sensors}{chapter.2}% 14
\BOOKMARK [2][-]{subsection.2.2.1}{Pressure gradient technique}{section.2.2}% 15
\BOOKMARK [2][-]{subsection.2.2.2}{Thermal transport sensors}{section.2.2}% 16
\BOOKMARK [0][-]{chapter.3}{Summary and Conclusions}{}% 17
\BOOKMARK [0][-]{section*.19}{Glossary}{}% 18
\BOOKMARK [0][-]{appendix*.21}{References}{}% 19
\BOOKMARK [0][-]{section*.22}{Index}{}% 20
