\BOOKMARK [0][-]{chapter*.2}{List of Figures}{}% 1
\BOOKMARK [0][-]{chapter.1}{Overview of the Company}{}% 2
\BOOKMARK [1][-]{section.1.1}{History of the Organization }{chapter.1}% 3
\BOOKMARK [1][-]{section.1.2}{Working Objectives}{chapter.1}% 4
\BOOKMARK [1][-]{section.1.3}{The Organizational Structure}{chapter.1}% 5
\BOOKMARK [0][-]{chapter.2}{Internship tasks }{}% 6
\BOOKMARK [1][-]{section.2.1}{Problem}{chapter.2}% 7
\BOOKMARK [1][-]{section.2.2}{Parameters}{chapter.2}% 8
\BOOKMARK [1][-]{section.2.3}{Objectives}{chapter.2}% 9
\BOOKMARK [1][-]{section.2.4}{Displacement analysis}{chapter.2}% 10
\BOOKMARK [1][-]{section.2.5}{Velocity and Acceleration analysis}{chapter.2}% 11
\BOOKMARK [2][-]{subsection.2.5.1}{Velocity analysis}{section.2.5}% 12
\BOOKMARK [2][-]{subsection.2.5.2}{Acceleration analysis}{section.2.5}% 13
\BOOKMARK [1][-]{section.2.6}{Force analysis}{chapter.2}% 14
\BOOKMARK [1][-]{section.2.7}{Energy relation analysis}{chapter.2}% 15
\BOOKMARK [2][-]{subsection.2.7.1}{Find equivalent dynamic moment and dynamic work}{section.2.7}% 16
\BOOKMARK [2][-]{subsection.2.7.2}{Find equivalent resistant moment and resistant work}{section.2.7}% 17
\BOOKMARK [1][-]{section.2.8}{Find the energy equation and calculate the flywheel weight}{chapter.2}% 18
\BOOKMARK [1][-]{section.2.9}{Combining motion of the system}{chapter.2}% 19
\BOOKMARK [1][-]{section.2.10}{Cam mechanism}{chapter.2}% 20
\BOOKMARK [2][-]{subsection.2.10.1}{Tasks}{section.2.10}% 21
\BOOKMARK [2][-]{subsection.2.10.2}{Cam profile determination}{section.2.10}% 22
\BOOKMARK [0][-]{chapter.3}{Summary and Conclusions}{}% 23
\BOOKMARK [0][-]{chapter*.21}{Bibliography}{}% 24
