\BOOKMARK [0][-]{chapter.1}{Overview of the Company}{}% 1
\BOOKMARK [1][-]{section.1.1}{History of the Organization }{chapter.1}% 2
\BOOKMARK [0][-]{chapter.2}{Summary and Conclusions}{}% 3
\BOOKMARK [0][-]{appendix.A}{Appendix}{}% 4
\BOOKMARK [1][-]{section.A.1}{List of Abbreviations}{appendix.A}% 5
\BOOKMARK [1][-]{section.A.2}{List of Tables}{appendix.A}% 6
\BOOKMARK [1][-]{section.A.3}{List of Figures}{appendix.A}% 7
\BOOKMARK [1][-]{section.A.4}{Important Standards}{appendix.A}% 8
\BOOKMARK [1][-]{section.A.5}{Bill of Materials}{appendix.A}% 9
\BOOKMARK [1][-]{section.A.6}{Drawings \(in drawing roll\)}{appendix.A}% 10
\BOOKMARK [1][-]{section.A.7}{Manufacturer Catalogues \(in separate folder\)}{appendix.A}% 11
\BOOKMARK [0][-]{appendix.B}{Drawings \(if you don't have drawing rolls\)}{}% 12
\BOOKMARK [1][-]{section.B.1}{Bill of Materials}{appendix.B}% 13
\BOOKMARK [1][-]{section.B.2}{Assembly drawing}{appendix.B}% 14
\BOOKMARK [1][-]{section.B.3}{Component drawings: 1}{appendix.B}% 15
\BOOKMARK [1][-]{section.B.4}{Component drawings: 2}{appendix.B}% 16
\BOOKMARK [1][-]{section.B.5}{Component drawings: 3}{appendix.B}% 17
\BOOKMARK [0][-]{section*.8}{Glossary}{}% 18
\BOOKMARK [0][-]{appendix*.10}{References}{}% 19
\BOOKMARK [0][-]{section*.11}{Index}{}% 20
