\BOOKMARK [0][-]{chapter.1}{KIM TRA SAI S H\314NH D\301NG CHI TIT TRU TRN TRONG MT CT NGANG V\300 DOC}{}% 1
\BOOKMARK [1][-]{section.1.1}{Muc \355ch Th\355 nghim}{chapter.1}% 2
\BOOKMARK [1][-]{section.1.2}{C\341c dung cu}{chapter.1}% 3
\BOOKMARK [1][-]{section.1.3}{C\341c bc tin h\340nh}{chapter.1}% 4
\BOOKMARK [2][-]{subsection.1.3.1}{\320o sai s h\354nh d\341ng trong mt ct doc}{section.1.3}% 5
\BOOKMARK [2][-]{subsection.1.3.2}{\320o sai s h\354nh d\341ng trong mt ct ngang}{section.1.3}% 6
\BOOKMARK [2][-]{subsection.1.3.3}{\320o \040a canh}{section.1.3}% 7
\BOOKMARK [1][-]{section.1.4}{\320\341nh gi\341 v\340 nhn x\351t kt qua o}{chapter.1}% 8
\BOOKMARK [0][-]{chapter.2}{\320O \320 \320AO HNG T\302M V\300 \320 \320AO MT \320U H\314NH TRU TRN}{}% 9
\BOOKMARK [1][-]{section.2.1}{Muc \355ch Th\355 nghim}{chapter.2}% 10
\BOOKMARK [1][-]{section.2.2}{C\341c dung cu}{chapter.2}% 11
\BOOKMARK [1][-]{section.2.3}{C\341c bc tin h\340nh}{chapter.2}% 12
\BOOKMARK [1][-]{section.2.4}{\320\341nh gi\341 v\340 nhn x\351t kt qua o}{chapter.2}% 13
\BOOKMARK [0][-]{chapter.3}{\320O V\300 KIM TRA \320 THNG, \320 PHNG V\300 \320 VU\324NG G\323C}{}% 14
\BOOKMARK [1][-]{section.3.1}{Muc \355ch}{chapter.3}% 15
\BOOKMARK [1][-]{section.3.2}{C\341c dung cu}{chapter.3}% 16
\BOOKMARK [1][-]{section.3.3}{Thc hin}{chapter.3}% 17
\BOOKMARK [1][-]{section.3.4}{\320\341nh gi\341 kt qua}{chapter.3}% 18
\BOOKMARK [0][-]{chapter.4}{X\301C \320INH K\315CH THC MU}{}% 19
\BOOKMARK [1][-]{section.4.1}{Muc \355ch th\355 nghim}{chapter.4}% 20
\BOOKMARK [1][-]{section.4.2}{C\341c dung cu}{chapter.4}% 21
\BOOKMARK [1][-]{section.4.3}{C\341c bc tin h\340nh}{chapter.4}% 22
\BOOKMARK [1][-]{section.4.4}{\320\341nh gi\341 v\340 nhn x\351t kt qua o}{chapter.4}% 23
\BOOKMARK [0][-]{chapter.5}{\320O L C\324N THEO PHNG PH\301P \320O GI\301N TIP}{}% 24
\BOOKMARK [1][-]{section.5.1}{Muc \355ch th\355 nghim}{chapter.5}% 25
\BOOKMARK [1][-]{section.5.2}{C\341c bc tin h\340nh}{chapter.5}% 26
\BOOKMARK [1][-]{section.5.3}{Nhn x\351t v\340 \341nh gi\341 kt qua o}{chapter.5}% 27
\BOOKMARK [0][-]{chapter.6}{\320O \320 \320AO V\300NH RANG}{}% 28
\BOOKMARK [1][-]{section.6.1}{Muc \355ch th\355 nghim}{chapter.6}% 29
\BOOKMARK [1][-]{section.6.2}{Dung cu v\340 vt o}{chapter.6}% 30
\BOOKMARK [1][-]{section.6.3}{C\341c bc tin h\340nh}{chapter.6}% 31
\BOOKMARK [1][-]{section.6.4}{Nhn x\351t kt qua}{chapter.6}% 32
\BOOKMARK [0][-]{chapter.7}{\320O CHIU D\300I PH\301P TIP TUYN CHUNG}{}% 33
\BOOKMARK [1][-]{section.7.1}{Muc \355ch th\355 nghim}{chapter.7}% 34
\BOOKMARK [1][-]{section.7.2}{C\341c bc tin h\340nh}{chapter.7}% 35
\BOOKMARK [1][-]{section.7.3}{\320\341nh gi\341 kt qua}{chapter.7}% 36
\BOOKMARK [0][-]{chapter.8}{KHAO S\301T \320C TUYN CUA LC K DA TR\312N NGUY\312N TC BIN DANG}{}% 37
\BOOKMARK [1][-]{section.8.1}{Muc \355ch th\355 nghim}{chapter.8}% 38
\BOOKMARK [1][-]{section.8.2}{C\341c dung cu}{chapter.8}% 39
\BOOKMARK [1][-]{section.8.3}{C\341c bc tin h\340nh}{chapter.8}% 40
\BOOKMARK [1][-]{section.8.4}{\320\341nh gi\341 kt qua}{chapter.8}% 41
\BOOKMARK [0][-]{chapter.9}{\320O BIN DANG S DUNG STRAIN GAGE}{}% 42
\BOOKMARK [1][-]{section.9.1}{Muc \355ch th\355 nghim}{chapter.9}% 43
\BOOKMARK [1][-]{section.9.2}{C\341c dung cu}{chapter.9}% 44
\BOOKMARK [1][-]{section.9.3}{C\341c bc tin h\340nh}{chapter.9}% 45
\BOOKMARK [1][-]{section.9.4}{\320\341nh gi\341 kt qua}{chapter.9}% 46
\BOOKMARK [0][-]{chapter.10}{LP BAN VE T MU}{}% 47
\BOOKMARK [1][-]{section.10.1}{Muc \355ch}{chapter.10}% 48
\BOOKMARK [1][-]{section.10.2}{C\341c dung cu}{chapter.10}% 49
\BOOKMARK [1][-]{section.10.3}{C\341c bc tin h\340nh}{chapter.10}% 50
\BOOKMARK [1][-]{section.10.4}{B\341o c\341o}{chapter.10}% 51
\BOOKMARK [0][-]{chapter.11}{KHAO S\301T H THNG \320O NHIT \320}{}% 52
\BOOKMARK [1][-]{section.11.1}{Muc \355ch}{chapter.11}% 53
\BOOKMARK [1][-]{section.11.2}{Dung cu}{chapter.11}% 54
\BOOKMARK [1][-]{section.11.3}{C\341c bc tin h\340nh th\355 nghim}{chapter.11}% 55
\BOOKMARK [1][-]{section.11.4}{B\341o c\341o}{chapter.11}% 56
\BOOKMARK [0][-]{chapter.12}{\320O PROFILE}{}% 57
\BOOKMARK [1][-]{section.12.1}{Muc \355ch}{chapter.12}% 58
\BOOKMARK [1][-]{section.12.2}{B\341o c\341o}{chapter.12}% 59
