\BOOKMARK [0][-]{chapter.1}{\376\377\000P\000r\000o\000p\000e\000r\000t\000i\000e\000s\000\040\000o\000f\000\040\000F\000l\000u\000i\000d\000s}{}% 1
\BOOKMARK [0][-]{chapter.2}{\376\377\000P\000r\000e\000s\000s\000u\000r\000e\000\040\000a\000n\000d\000\040\000F\000l\000u\000i\000d\000\040\000S\000t\000a\000t\000i\000c\000s}{}% 2
\BOOKMARK [1][-]{section.2.1}{\376\377\000F\000o\000r\000m\000u\000l\000a\000s}{chapter.2}% 3
\BOOKMARK [1][-]{section.2.2}{\376\377\000P\000r\000o\000b\000l\000e\000m\000s}{chapter.2}% 4
\BOOKMARK [0][-]{chapter.3}{\376\377\000F\000l\000u\000i\000d\000\040\000K\000i\000n\000e\000m\000a\000t\000i\000c\000s\000\040\000-\000\040\000B\000e\000r\000n\000o\000u\000l\000l\000i\000\040\000a\000n\000d\000\040\000E\000n\000e\000r\000g\000y\000\040\000E\000q\000u\000a\000t\000i\000o\000n\000s}{}% 5
\BOOKMARK [1][-]{section.3.1}{}{chapter.3}% 6
\BOOKMARK [1][-]{section.3.2}{}{chapter.3}% 7
\BOOKMARK [1][-]{section.3.3}{}{chapter.3}% 8
\BOOKMARK [1][-]{section.3.4}{}{chapter.3}% 9
\BOOKMARK [1][-]{section.3.5}{}{chapter.3}% 10
\BOOKMARK [1][-]{section.3.6}{}{chapter.3}% 11
\BOOKMARK [1][-]{section.3.7}{}{chapter.3}% 12
\BOOKMARK [1][-]{section.3.8}{}{chapter.3}% 13
\BOOKMARK [1][-]{section.3.9}{}{chapter.3}% 14
\BOOKMARK [1][-]{section.3.10}{}{chapter.3}% 15
\BOOKMARK [1][-]{section.3.11}{}{chapter.3}% 16
\BOOKMARK [1][-]{section.3.12}{}{chapter.3}% 17
\BOOKMARK [1][-]{section.3.13}{}{chapter.3}% 18
\BOOKMARK [1][-]{section.3.14}{}{chapter.3}% 19
\BOOKMARK [1][-]{section.3.15}{}{chapter.3}% 20
\BOOKMARK [1][-]{section.3.16}{}{chapter.3}% 21
\BOOKMARK [1][-]{section.3.17}{}{chapter.3}% 22
\BOOKMARK [1][-]{section.3.18}{}{chapter.3}% 23
\BOOKMARK [1][-]{section.3.19}{}{chapter.3}% 24
